<?xml version="1.0" encoding="UTF-8"?>
<testng-results ignored="0" total="6" passed="5" failed="1" skipped="0">
  <reporter-output>
  </reporter-output>
  <suite started-at="2026-01-14T11:55:01 IST" name="Suite" finished-at="2026-01-14T11:55:52 IST" duration-ms="50621">
    <groups>
    </groups>
    <test started-at="2026-01-14T11:55:01 IST" name="Test" finished-at="2026-01-14T11:55:52 IST" duration-ms="50621">
      <class name="testscript.Loginpagetest">
        <test-method is-config="true" signature="beforeMethod()[pri:0, instance:testscript.Loginpagetest@3e0e1046]" started-at="2026-01-14T11:55:01 IST" name="beforeMethod" finished-at="2026-01-14T11:55:08 IST" duration-ms="6863" status="PASS">
          <reporter-output>
          </reporter-output>
        </test-method> <!-- beforeMethod -->
        <test-method signature="beforeMethod()[pri:0, instance:testscript.Loginpagetest@3e0e1046]" started-at="2026-01-14T11:55:08 IST" name="beforeMethod" finished-at="2026-01-14T11:55:13 IST" duration-ms="5231" status="PASS">
          <reporter-output>
          </reporter-output>
        </test-method> <!-- beforeMethod -->
        <test-method is-config="true" signature="afterMethod()[pri:0, instance:testscript.Loginpagetest@3e0e1046]" started-at="2026-01-14T11:55:13 IST" name="afterMethod" finished-at="2026-01-14T11:55:13 IST" duration-ms="2" status="PASS">
          <reporter-output>
          </reporter-output>
        </test-method> <!-- afterMethod -->
        <test-method is-config="true" signature="beforeMethod()[pri:0, instance:testscript.Loginpagetest@3e0e1046]" started-at="2026-01-14T11:55:13 IST" name="beforeMethod" finished-at="2026-01-14T11:55:19 IST" duration-ms="5444" status="PASS">
          <reporter-output>
          </reporter-output>
        </test-method> <!-- beforeMethod -->
        <test-method signature="enterUsernameandPassword()[pri:0, instance:testscript.Loginpagetest@3e0e1046]" started-at="2026-01-14T11:55:19 IST" name="enterUsernameandPassword" finished-at="2026-01-14T11:55:24 IST" duration-ms="5158" status="PASS">
          <reporter-output>
          </reporter-output>
        </test-method> <!-- enterUsernameandPassword -->
        <test-method is-config="true" signature="afterMethod()[pri:0, instance:testscript.Loginpagetest@3e0e1046]" started-at="2026-01-14T11:55:24 IST" name="afterMethod" finished-at="2026-01-14T11:55:24 IST" duration-ms="1" status="PASS">
          <reporter-output>
          </reporter-output>
        </test-method> <!-- afterMethod -->
        <test-method is-config="true" signature="beforeMethod()[pri:0, instance:testscript.Loginpagetest@3e0e1046]" started-at="2026-01-14T11:55:24 IST" name="beforeMethod" finished-at="2026-01-14T11:55:29 IST" duration-ms="4575" status="PASS">
          <reporter-output>
          </reporter-output>
        </test-method> <!-- beforeMethod -->
        <test-method signature="entercorrectUsernameAndwrongPassword()[pri:0, instance:testscript.Loginpagetest@3e0e1046]" started-at="2026-01-14T11:55:29 IST" name="entercorrectUsernameAndwrongPassword" finished-at="2026-01-14T11:55:30 IST" duration-ms="1163" status="FAIL">
          <exception class="org.openqa.selenium.InvalidSelectorException">
            <message>
              <![CDATA[invalid selector: Unable to locate an element with the xpath expression //a[@class='small-box-footer'])[2] because of the following error:
SyntaxError: Failed to execute 'evaluate' on 'Document': The string '//a[@class='small-box-footer'])[2]' is not a valid XPath expression.
  (Session info: chrome=143.0.7499.193)
For documentation on this error, please visit: https://www.selenium.dev/documentation/webdriver/troubleshooting/errors#invalidselectorexception
Build info: version: '4.38.0', revision: '6b412e825c*'
System info: os.name: 'Windows 11', os.arch: 'amd64', os.version: '10.0', java.version: '21.0.9'
Driver info: org.openqa.selenium.chrome.ChromeDriver
Command: [692f73f2b2b9acd973352878255be5fc, findElement {value=//a[@class='small-box-footer'])[2], using=xpath}]
Capabilities {acceptInsecureCerts: false, browserName: chrome, browserVersion: 143.0.7499.193, chrome: {chromedriverVersion: 143.0.7499.192 (be2c1f4fd45..., userDataDir: C:\Users\Admin\AppData\Loca...}, fedcm:accounts: true, goog:chromeOptions: {debuggerAddress: localhost:61059}, goog:processID: 11784, networkConnectionEnabled: false, pageLoadStrategy: normal, platformName: windows, proxy: Proxy(), se:cdp: ws://localhost:61059/devtoo..., se:cdpVersion: 143.0.7499.193, setWindowRect: true, strictFileInteractability: false, timeouts: {implicit: 0, pageLoad: 300000, script: 30000}, unhandledPromptBehavior: dismiss and notify, webauthn:extension:credBlob: true, webauthn:extension:largeBlob: true, webauthn:extension:minPinLength: true, webauthn:extension:prf: true, webauthn:virtualAuthenticators: true}
Session ID: 692f73f2b2b9acd973352878255be5fc]]>
            </message>
            <full-stacktrace>
              <![CDATA[org.openqa.selenium.InvalidSelectorException: invalid selector: Unable to locate an element with the xpath expression //a[@class='small-box-footer'])[2] because of the following error:
SyntaxError: Failed to execute 'evaluate' on 'Document': The string '//a[@class='small-box-footer'])[2]' is not a valid XPath expression.
  (Session info: chrome=143.0.7499.193)
For documentation on this error, please visit: https://www.selenium.dev/documentation/webdriver/troubleshooting/errors#invalidselectorexception
Build info: version: '4.38.0', revision: '6b412e825c*'
System info: os.name: 'Windows 11', os.arch: 'amd64', os.version: '10.0', java.version: '21.0.9'
Driver info: org.openqa.selenium.chrome.ChromeDriver
Command: [692f73f2b2b9acd973352878255be5fc, findElement {value=//a[@class='small-box-footer'])[2], using=xpath}]
Capabilities {acceptInsecureCerts: false, browserName: chrome, browserVersion: 143.0.7499.193, chrome: {chromedriverVersion: 143.0.7499.192 (be2c1f4fd45..., userDataDir: C:\Users\Admin\AppData\Loca...}, fedcm:accounts: true, goog:chromeOptions: {debuggerAddress: localhost:61059}, goog:processID: 11784, networkConnectionEnabled: false, pageLoadStrategy: normal, platformName: windows, proxy: Proxy(), se:cdp: ws://localhost:61059/devtoo..., se:cdpVersion: 143.0.7499.193, setWindowRect: true, strictFileInteractability: false, timeouts: {implicit: 0, pageLoad: 300000, script: 30000}, unhandledPromptBehavior: dismiss and notify, webauthn:extension:credBlob: true, webauthn:extension:largeBlob: true, webauthn:extension:minPinLength: true, webauthn:extension:prf: true, webauthn:virtualAuthenticators: true}
Session ID: 692f73f2b2b9acd973352878255be5fc
at java.base/jdk.internal.reflect.DirectConstructorHandleAccessor.newInstance(DirectConstructorHandleAccessor.java:62)
at java.base/java.lang.reflect.Constructor.newInstanceWithCaller(Constructor.java:502)
at java.base/java.lang.reflect.Constructor.newInstance(Constructor.java:486)
at org.openqa.selenium.remote.ErrorCodec.decode(ErrorCodec.java:167)
at org.openqa.selenium.remote.codec.w3c.W3CHttpResponseCodec.decode(W3CHttpResponseCodec.java:138)
at org.openqa.selenium.remote.codec.w3c.W3CHttpResponseCodec.decode(W3CHttpResponseCodec.java:50)
at org.openqa.selenium.remote.HttpCommandExecutor.execute(HttpCommandExecutor.java:215)
at org.openqa.selenium.remote.service.DriverCommandExecutor.invokeExecute(DriverCommandExecutor.java:216)
at org.openqa.selenium.remote.service.DriverCommandExecutor.execute(DriverCommandExecutor.java:174)
at org.openqa.selenium.remote.RemoteWebDriver.execute(RemoteWebDriver.java:557)
at org.openqa.selenium.remote.ElementLocation$ElementFinder$2.findElement(ElementLocation.java:165)
at org.openqa.selenium.remote.ElementLocation.findElement(ElementLocation.java:59)
at org.openqa.selenium.remote.RemoteWebDriver.findElement(RemoteWebDriver.java:380)
at org.openqa.selenium.remote.RemoteWebDriver.findElement(RemoteWebDriver.java:374)
at org.openqa.selenium.support.pagefactory.DefaultElementLocator.findElement(DefaultElementLocator.java:68)
at org.openqa.selenium.support.pagefactory.internal.LocatingElementHandler.invoke(LocatingElementHandler.java:38)
at jdk.proxy2/jdk.proxy2.$Proxy15.isDisplayed(Unknown Source)
at sample.Loginpage.isDashboardisdisplayed(Loginpage.java:33)
at testscript.Loginpagetest.entercorrectUsernameAndwrongPassword(Loginpagetest.java:28)
at java.base/jdk.internal.reflect.DirectMethodHandleAccessor.invoke(DirectMethodHandleAccessor.java:103)
at java.base/java.lang.reflect.Method.invoke(Method.java:580)
at org.testng.internal.invokers.MethodInvocationHelper.invokeMethod(MethodInvocationHelper.java:141)
at org.testng.internal.invokers.TestInvoker.invokeMethod(TestInvoker.java:686)
at org.testng.internal.invokers.TestInvoker.invokeTestMethod(TestInvoker.java:230)
at org.testng.internal.invokers.MethodRunner.runInSequence(MethodRunner.java:63)
at org.testng.internal.invokers.TestInvoker$MethodInvocationAgent.invoke(TestInvoker.java:992)
at org.testng.internal.invokers.TestInvoker.invokeTestMethods(TestInvoker.java:203)
at org.testng.internal.invokers.TestMethodWorker.invokeTestMethods(TestMethodWorker.java:154)
at org.testng.internal.invokers.TestMethodWorker.run(TestMethodWorker.java:134)
at java.base/java.util.ArrayList.forEach(ArrayList.java:1596)
at org.testng.TestRunner.privateRun(TestRunner.java:739)
at org.testng.TestRunner.run(TestRunner.java:614)
at org.testng.SuiteRunner.runTest(SuiteRunner.java:421)
at org.testng.SuiteRunner.runSequentially(SuiteRunner.java:413)
at org.testng.SuiteRunner.privateRun(SuiteRunner.java:373)
at org.testng.SuiteRunner.run(SuiteRunner.java:312)
at org.testng.SuiteRunnerWorker.runSuite(SuiteRunnerWorker.java:52)
at org.testng.SuiteRunnerWorker.run(SuiteRunnerWorker.java:95)
at org.testng.TestNG.runSuitesSequentially(TestNG.java:1274)
at org.testng.TestNG.runSuitesLocally(TestNG.java:1208)
at org.testng.TestNG.runSuites(TestNG.java:1112)
at org.testng.TestNG.run(TestNG.java:1079)
at org.testng.remote.AbstractRemoteTestNG.run(AbstractRemoteTestNG.java:115)
at org.testng.remote.RemoteTestNG.initAndRun(RemoteTestNG.java:293)
at org.testng.remote.RemoteTestNG.main(RemoteTestNG.java:91)
]]>
            </full-stacktrace>
          </exception> <!-- org.openqa.selenium.InvalidSelectorException -->
          <reporter-output>
          </reporter-output>
        </test-method> <!-- entercorrectUsernameAndwrongPassword -->
        <test-method is-config="true" signature="afterMethod()[pri:0, instance:testscript.Loginpagetest@3e0e1046]" started-at="2026-01-14T11:55:30 IST" name="afterMethod" finished-at="2026-01-14T11:55:30 IST" duration-ms="2" status="PASS">
          <reporter-output>
          </reporter-output>
        </test-method> <!-- afterMethod -->
        <test-method is-config="true" signature="beforeMethod()[pri:0, instance:testscript.Loginpagetest@3e0e1046]" started-at="2026-01-14T11:55:30 IST" name="beforeMethod" finished-at="2026-01-14T11:55:36 IST" duration-ms="5737" status="PASS">
          <reporter-output>
          </reporter-output>
        </test-method> <!-- beforeMethod -->
        <test-method signature="enterwrongUsernameAndcorrectPassword()[pri:0, instance:testscript.Loginpagetest@3e0e1046]" started-at="2026-01-14T11:55:36 IST" name="enterwrongUsernameAndcorrectPassword" finished-at="2026-01-14T11:55:37 IST" duration-ms="1827" status="PASS">
          <reporter-output>
          </reporter-output>
        </test-method> <!-- enterwrongUsernameAndcorrectPassword -->
        <test-method is-config="true" signature="afterMethod()[pri:0, instance:testscript.Loginpagetest@3e0e1046]" started-at="2026-01-14T11:55:37 IST" name="afterMethod" finished-at="2026-01-14T11:55:37 IST" duration-ms="0" status="PASS">
          <reporter-output>
          </reporter-output>
        </test-method> <!-- afterMethod -->
        <test-method is-config="true" signature="beforeMethod()[pri:0, instance:testscript.Loginpagetest@3e0e1046]" started-at="2026-01-14T11:55:37 IST" name="beforeMethod" finished-at="2026-01-14T11:55:44 IST" duration-ms="6745" status="PASS">
          <reporter-output>
          </reporter-output>
        </test-method> <!-- beforeMethod -->
        <test-method signature="enterwrongUsernameAndwrongPassword(java.lang.String,java.lang.String)[pri:0, instance:testscript.Loginpagetest@3e0e1046]" started-at="2026-01-14T11:55:44 IST" name="enterwrongUsernameAndwrongPassword" data-provider="page" finished-at="2026-01-14T11:55:46 IST" duration-ms="1445" status="PASS">
          <params>
            <param index="0">
              <value>
                <![CDATA[admin]]>
              </value>
            </param>
            <param index="1">
              <value>
                <![CDATA[1q2w3e]]>
              </value>
            </param>
          </params>
          <reporter-output>
          </reporter-output>
        </test-method> <!-- enterwrongUsernameAndwrongPassword -->
        <test-method is-config="true" signature="afterMethod()[pri:0, instance:testscript.Loginpagetest@3e0e1046]" started-at="2026-01-14T11:55:46 IST" name="afterMethod" finished-at="2026-01-14T11:55:46 IST" duration-ms="0" status="PASS">
          <reporter-output>
          </reporter-output>
        </test-method> <!-- afterMethod -->
        <test-method is-config="true" signature="beforeMethod()[pri:0, instance:testscript.Loginpagetest@3e0e1046]" started-at="2026-01-14T11:55:46 IST" name="beforeMethod" finished-at="2026-01-14T11:55:50 IST" duration-ms="4724" status="PASS">
          <reporter-output>
          </reporter-output>
        </test-method> <!-- beforeMethod -->
        <test-method signature="enterwrongUsernameAndwrongPassword(java.lang.String,java.lang.String)[pri:0, instance:testscript.Loginpagetest@3e0e1046]" started-at="2026-01-14T11:55:50 IST" name="enterwrongUsernameAndwrongPassword" data-provider="page" finished-at="2026-01-14T11:55:52 IST" duration-ms="1529" status="PASS">
          <params>
            <param index="0">
              <value>
                <![CDATA[admin]]>
              </value>
            </param>
            <param index="1">
              <value>
                <![CDATA[1q2w]]>
              </value>
            </param>
          </params>
          <reporter-output>
          </reporter-output>
        </test-method> <!-- enterwrongUsernameAndwrongPassword -->
        <test-method is-config="true" signature="afterMethod()[pri:0, instance:testscript.Loginpagetest@3e0e1046]" started-at="2026-01-14T11:55:52 IST" name="afterMethod" finished-at="2026-01-14T11:55:52 IST" duration-ms="1" status="PASS">
          <reporter-output>
          </reporter-output>
        </test-method> <!-- afterMethod -->
      </class> <!-- testscript.Loginpagetest -->
    </test> <!-- Test -->
  </suite> <!-- Suite -->
</testng-results>
