<?xml version="1.0" encoding="UTF-8"?>
<!-- Generated by org.testng.reporters.JUnitReportReporter -->
<testsuite hostname="DESKTOP-532L6HR" failures="0" tests="2" name="testscript.Homepagetest" time="23.001" errors="0" timestamp="2026-01-13T11:09:36 IST" skipped="0">
  <testcase classname="testscript.Homepagetest" name="beforeMethod" time="12.872"/>
  <testcase classname="testscript.Homepagetest" name="clickonAdminAndLogoutbutton" time="10.129"/>
</testsuite> <!-- testscript.Homepagetest -->
